<?xml version="1.0" encoding="UTF-8"?>
<!-- Generated by org.testng.reporters.JUnitReportReporter -->
<testsuite hostname="9704276395mama" failures="0" tests="1" name="com.facebook.testCases.TC_LoginTest_001" time="8.490" errors="0" timestamp="2024-04-18T09:37:40 IST" skipped="0">
  <testcase classname="com.facebook.testCases.TC_LoginTest_001" name="loginTest" time="8.490"/>
</testsuite> <!-- com.facebook.testCases.TC_LoginTest_001 -->
